{"level":"info","message":"App is listening on port 80","timestamp":"2023-02-15T19:37:09.719Z"}
{"level":"info","message":"Connected to the database...","timestamp":"2023-02-15T19:37:09.803Z"}
{"level":"info","message":"App is listening on port 80","timestamp":"2023-02-15T19:37:31.067Z"}
{"level":"info","message":"Connected to the database...","timestamp":"2023-02-15T19:37:31.134Z"}
{"message":"res.cookie is not a function","stack":"TypeError: res.cookie is not a function\n    at attachCookiesToResponse (/Users/ifeanyi-ibe/Desktop/tech-recruiter/utils/jwt.js:9:7)\n    at register (/Users/ifeanyi-ibe/Desktop/tech-recruiter/controllers/authController.js:30:3)\n    at process.processTicksAndRejections (node:internal/process/task_queues:95:5)","level":"error","timestamp":"2023-02-15T19:42:08.045Z"}
{"level":"info","message":"App is listening on port 80","timestamp":"2023-02-15T19:45:33.908Z"}
{"level":"info","message":"Connected to the database...","timestamp":"2023-02-15T19:45:33.943Z"}
{"message":"Email already exists","stack":"Error: Email already exists\n    at register (/Users/ifeanyi-ibe/Desktop/tech-recruiter/controllers/authController.js:14:11)\n    at process.processTicksAndRejections (node:internal/process/task_queues:95:5)","statusCode":400,"level":"error","timestamp":"2023-02-15T19:45:43.688Z"}
{"message":"cookieParser(\"secret\") required for signed cookies","stack":"Error: cookieParser(\"secret\") required for signed cookies\n    at res.cookie (/Users/ifeanyi-ibe/Desktop/tech-recruiter/node_modules/express/lib/response.js:860:11)\n    at attachCookiesToResponse (/Users/ifeanyi-ibe/Desktop/tech-recruiter/utils/jwt.js:9:7)\n    at register (/Users/ifeanyi-ibe/Desktop/tech-recruiter/controllers/authController.js:30:3)\n    at process.processTicksAndRejections (node:internal/process/task_queues:95:5)","level":"error","timestamp":"2023-02-15T19:49:06.222Z"}
{"level":"info","message":"App is listening on port 80","timestamp":"2023-02-15T19:52:34.932Z"}
{"level":"info","message":"Connected to the database...","timestamp":"2023-02-15T19:52:35.012Z"}
{"message":"Email already exists","stack":"Error: Email already exists\n    at register (/Users/ifeanyi-ibe/Desktop/tech-recruiter/controllers/authController.js:14:11)\n    at process.processTicksAndRejections (node:internal/process/task_queues:95:5)","statusCode":400,"level":"error","timestamp":"2023-02-15T19:52:38.417Z"}
{"level":"info","message":"App is listening on port 80","timestamp":"2023-02-16T13:37:11.177Z"}
{"level":"info","message":"Connected to the database...","timestamp":"2023-02-16T13:37:11.206Z"}
{"level":"info","message":"App is listening on port 80","timestamp":"2023-02-16T13:45:23.259Z"}
{"level":"info","message":"Connected to the database...","timestamp":"2023-02-16T13:45:23.267Z"}
{"level":"info","message":"App is listening on port 80","timestamp":"2023-02-16T14:04:00.658Z"}
{"level":"info","message":"Connected to the database...","timestamp":"2023-02-16T14:04:00.667Z"}
{"level":"info","message":"App is listening on port 80","timestamp":"2023-02-17T22:11:55.787Z"}
{"level":"info","message":"Connected to the database...","timestamp":"2023-02-17T22:11:55.809Z"}
{"message":"Invalid Credentials","stack":"Error: Invalid Credentials\n    at login (/Users/ifeanyiibe/Desktop/Practice/tech-recruiter/controllers/authController.js:45:9)\n    at processTicksAndRejections (internal/process/task_queues.js:95:5)","statusCode":401,"level":"error","timestamp":"2023-02-17T22:33:23.894Z"}
{"message":"Invalid Credentials","stack":"Error: Invalid Credentials\n    at login (/Users/ifeanyiibe/Desktop/Practice/tech-recruiter/controllers/authController.js:45:9)\n    at processTicksAndRejections (internal/process/task_queues.js:95:5)","statusCode":401,"level":"error","timestamp":"2023-02-17T22:33:25.849Z"}
{"message":"Invalid Credentials","stack":"Error: Invalid Credentials\n    at login (/Users/ifeanyiibe/Desktop/Practice/tech-recruiter/controllers/authController.js:45:9)\n    at processTicksAndRejections (internal/process/task_queues.js:95:5)","statusCode":401,"level":"error","timestamp":"2023-02-17T22:33:27.590Z"}
{"message":"Invalid Credentials","stack":"Error: Invalid Credentials\n    at login (/Users/ifeanyiibe/Desktop/Practice/tech-recruiter/controllers/authController.js:45:9)\n    at processTicksAndRejections (internal/process/task_queues.js:95:5)","statusCode":401,"level":"error","timestamp":"2023-02-17T22:33:59.272Z"}
{"message":"Invalid Credentials","stack":"Error: Invalid Credentials\n    at login (/Users/ifeanyiibe/Desktop/Practice/tech-recruiter/controllers/authController.js:45:9)\n    at processTicksAndRejections (internal/process/task_queues.js:95:5)","statusCode":401,"level":"error","timestamp":"2023-02-17T22:49:49.561Z"}
{"message":"Invalid Credentials","stack":"Error: Invalid Credentials\n    at login (/Users/ifeanyiibe/Desktop/Practice/tech-recruiter/controllers/authController.js:45:9)\n    at processTicksAndRejections (internal/process/task_queues.js:95:5)","statusCode":401,"level":"error","timestamp":"2023-02-17T22:49:51.621Z"}
{"message":"Invalid Credentials","stack":"Error: Invalid Credentials\n    at login (/Users/ifeanyiibe/Desktop/Practice/tech-recruiter/controllers/authController.js:45:9)\n    at processTicksAndRejections (internal/process/task_queues.js:95:5)","statusCode":401,"level":"error","timestamp":"2023-02-17T22:50:30.598Z"}
{"message":"Invalid Credentials","stack":"Error: Invalid Credentials\n    at login (/Users/ifeanyiibe/Desktop/Practice/tech-recruiter/controllers/authController.js:45:9)\n    at processTicksAndRejections (internal/process/task_queues.js:95:5)","statusCode":401,"level":"error","timestamp":"2023-02-17T22:52:18.030Z"}
{"message":"Invalid Credentials","stack":"Error: Invalid Credentials\n    at login (/Users/ifeanyiibe/Desktop/Practice/tech-recruiter/controllers/authController.js:45:9)\n    at processTicksAndRejections (internal/process/task_queues.js:95:5)","statusCode":401,"level":"error","timestamp":"2023-02-17T22:58:03.552Z"}
{"message":"Invalid Credentials","stack":"Error: Invalid Credentials\n    at login (/Users/ifeanyiibe/Desktop/Practice/tech-recruiter/controllers/authController.js:45:9)\n    at processTicksAndRejections (internal/process/task_queues.js:95:5)","statusCode":401,"level":"error","timestamp":"2023-02-17T22:58:56.854Z"}
{"message":"Invalid Credentials","stack":"Error: Invalid Credentials\n    at login (/Users/ifeanyiibe/Desktop/Practice/tech-recruiter/controllers/authController.js:45:9)\n    at processTicksAndRejections (internal/process/task_queues.js:95:5)","statusCode":401,"level":"error","timestamp":"2023-02-17T22:59:00.892Z"}
{"message":"Invalid Credentials","stack":"Error: Invalid Credentials\n    at login (/Users/ifeanyiibe/Desktop/Practice/tech-recruiter/controllers/authController.js:45:9)\n    at processTicksAndRejections (internal/process/task_queues.js:95:5)","statusCode":401,"level":"error","timestamp":"2023-02-17T22:59:02.140Z"}
{"message":"Invalid Credentials","stack":"Error: Invalid Credentials\n    at login (/Users/ifeanyiibe/Desktop/Practice/tech-recruiter/controllers/authController.js:45:9)\n    at processTicksAndRejections (internal/process/task_queues.js:95:5)","statusCode":401,"level":"error","timestamp":"2023-02-17T23:02:14.605Z"}
{"message":"Invalid Credentials","stack":"Error: Invalid Credentials\n    at login (/Users/ifeanyiibe/Desktop/Practice/tech-recruiter/controllers/authController.js:45:9)\n    at processTicksAndRejections (internal/process/task_queues.js:95:5)","statusCode":401,"level":"error","timestamp":"2023-02-17T23:02:14.661Z"}
{"message":"Invalid Credentials","stack":"Error: Invalid Credentials\n    at login (/Users/ifeanyiibe/Desktop/Practice/tech-recruiter/controllers/authController.js:45:9)\n    at processTicksAndRejections (internal/process/task_queues.js:95:5)","statusCode":401,"level":"error","timestamp":"2023-02-17T23:03:22.617Z"}
{"message":"Invalid Credentials","stack":"Error: Invalid Credentials\n    at login (/Users/ifeanyiibe/Desktop/Practice/tech-recruiter/controllers/authController.js:45:9)\n    at runMicrotasks (<anonymous>)\n    at processTicksAndRejections (internal/process/task_queues.js:95:5)","statusCode":401,"level":"error","timestamp":"2023-02-17T23:05:20.740Z"}
{"message":"Invalid Credentials","stack":"Error: Invalid Credentials\n    at login (/Users/ifeanyiibe/Desktop/Practice/tech-recruiter/controllers/authController.js:45:9)\n    at runMicrotasks (<anonymous>)\n    at processTicksAndRejections (internal/process/task_queues.js:95:5)","statusCode":401,"level":"error","timestamp":"2023-02-17T23:07:12.920Z"}
{"message":"Invalid Credentials","stack":"Error: Invalid Credentials\n    at login (/Users/ifeanyiibe/Desktop/Practice/tech-recruiter/controllers/authController.js:45:9)\n    at runMicrotasks (<anonymous>)\n    at processTicksAndRejections (internal/process/task_queues.js:95:5)","statusCode":401,"level":"error","timestamp":"2023-02-17T23:07:21.204Z"}
{"message":"Invalid Credentials","stack":"Error: Invalid Credentials\n    at login (/Users/ifeanyiibe/Desktop/Practice/tech-recruiter/controllers/authController.js:45:9)\n    at runMicrotasks (<anonymous>)\n    at processTicksAndRejections (internal/process/task_queues.js:95:5)","statusCode":401,"level":"error","timestamp":"2023-02-17T23:09:26.682Z"}
{"message":"Invalid Credentials","stack":"Error: Invalid Credentials\n    at login (/Users/ifeanyiibe/Desktop/Practice/tech-recruiter/controllers/authController.js:45:9)\n    at runMicrotasks (<anonymous>)\n    at processTicksAndRejections (internal/process/task_queues.js:95:5)","statusCode":401,"level":"error","timestamp":"2023-02-17T23:09:41.818Z"}
{"message":"Invalid Credentials","stack":"Error: Invalid Credentials\n    at login (/Users/ifeanyiibe/Desktop/Practice/tech-recruiter/controllers/authController.js:45:9)\n    at runMicrotasks (<anonymous>)\n    at processTicksAndRejections (internal/process/task_queues.js:95:5)","statusCode":401,"level":"error","timestamp":"2023-02-17T23:09:51.100Z"}
{"message":"Invalid Credentials","stack":"Error: Invalid Credentials\n    at login (/Users/ifeanyiibe/Desktop/Practice/tech-recruiter/controllers/authController.js:45:9)\n    at runMicrotasks (<anonymous>)\n    at processTicksAndRejections (internal/process/task_queues.js:95:5)","statusCode":401,"level":"error","timestamp":"2023-02-17T23:09:59.590Z"}
{"message":"Invalid Credentials","stack":"Error: Invalid Credentials\n    at login (/Users/ifeanyiibe/Desktop/Practice/tech-recruiter/controllers/authController.js:49:9)","statusCode":401,"level":"error","timestamp":"2023-02-17T23:10:43.934Z"}
{"level":"info","message":"App is listening on port 80","timestamp":"2023-02-20T05:12:25.147Z"}
{"level":"info","message":"Connected to the database...","timestamp":"2023-02-20T05:12:25.162Z"}
{"level":"info","message":"App is listening on port 80","timestamp":"2023-02-20T08:32:48.360Z"}
{"level":"info","message":"Connected to the database...","timestamp":"2023-02-20T08:32:48.379Z"}
{"level":"info","message":"App is listening on port 80","timestamp":"2023-02-20T08:41:04.054Z"}
{"level":"info","message":"Connected to the database...","timestamp":"2023-02-20T08:41:04.062Z"}
{"level":"info","message":"App is listening on port 80","timestamp":"2023-02-20T08:57:39.779Z"}
{"level":"info","message":"Connected to the database...","timestamp":"2023-02-20T08:57:39.786Z"}
{"level":"info","message":"App is listening on port 80","timestamp":"2023-02-20T08:57:48.660Z"}
{"level":"info","message":"Connected to the database...","timestamp":"2023-02-20T08:57:48.667Z"}
{"level":"info","message":"App is listening on port 80","timestamp":"2023-02-20T09:06:35.814Z"}
{"level":"info","message":"Connected to the database...","timestamp":"2023-02-20T09:06:35.822Z"}
{"level":"info","message":"App is listening on port 80","timestamp":"2023-02-20T09:07:38.185Z"}
{"level":"info","message":"Connected to the database...","timestamp":"2023-02-20T09:07:38.192Z"}
{"level":"info","message":"App is listening on port 80","timestamp":"2023-02-20T09:12:04.196Z"}
{"level":"info","message":"Connected to the database...","timestamp":"2023-02-20T09:12:04.204Z"}
{"message":"Invalid Credentials","stack":"Error: Invalid Credentials\n    at login (/Users/ifeanyiibe/Desktop/Practice/tech-recruiter/controllers/authController.js:60:9)\n    at processTicksAndRejections (internal/process/task_queues.js:95:5)","statusCode":401,"level":"error","timestamp":"2023-02-20T09:54:09.056Z"}
{"message":"Invalid Credentials","stack":"Error: Invalid Credentials\n    at login (/Users/ifeanyiibe/Desktop/Practice/tech-recruiter/controllers/authController.js:60:9)\n    at processTicksAndRejections (internal/process/task_queues.js:95:5)","statusCode":401,"level":"error","timestamp":"2023-02-20T09:55:12.109Z"}
{"level":"info","message":"App is listening on port 80","timestamp":"2023-02-20T10:03:28.867Z"}
{"level":"info","message":"Connected to the database...","timestamp":"2023-02-20T10:03:28.876Z"}
{"level":"info","message":"App is listening on port 80","timestamp":"2023-02-20T10:03:30.704Z"}
{"level":"info","message":"Connected to the database...","timestamp":"2023-02-20T10:03:30.712Z"}
{"level":"info","message":"App is listening on port 80","timestamp":"2023-02-20T10:03:49.820Z"}
{"level":"info","message":"Connected to the database...","timestamp":"2023-02-20T10:03:49.828Z"}
{"level":"info","message":"App is listening on port 80","timestamp":"2023-02-20T10:06:06.428Z"}
{"level":"info","message":"Connected to the database...","timestamp":"2023-02-20T10:06:06.438Z"}
{"level":"info","message":"App is listening on port 80","timestamp":"2023-02-20T10:06:15.496Z"}
{"level":"info","message":"Connected to the database...","timestamp":"2023-02-20T10:06:15.503Z"}
{"level":"info","message":"App is listening on port 80","timestamp":"2023-02-20T10:45:02.659Z"}
{"level":"info","message":"Connected to the database...","timestamp":"2023-02-20T10:45:02.667Z"}
{"level":"info","message":"App is listening on port 80","timestamp":"2023-02-20T10:50:37.691Z"}
{"level":"info","message":"Connected to the database...","timestamp":"2023-02-20T10:50:37.698Z"}
{"level":"info","message":"App is listening on port 80","timestamp":"2023-02-20T10:50:39.988Z"}
{"level":"info","message":"Connected to the database...","timestamp":"2023-02-20T10:50:39.995Z"}
{"level":"info","message":"App is listening on port 80","timestamp":"2023-02-20T10:50:42.002Z"}
{"level":"info","message":"Connected to the database...","timestamp":"2023-02-20T10:50:42.009Z"}
{"level":"info","message":"App is listening on port 80","timestamp":"2023-02-20T10:50:46.339Z"}
{"level":"info","message":"Connected to the database...","timestamp":"2023-02-20T10:50:46.346Z"}
{"level":"info","message":"App is listening on port 80","timestamp":"2023-02-20T10:50:47.787Z"}
{"level":"info","message":"Connected to the database...","timestamp":"2023-02-20T10:50:47.795Z"}
{"level":"info","message":"App is listening on port 80","timestamp":"2023-02-20T10:57:12.761Z"}
{"level":"info","message":"Connected to the database...","timestamp":"2023-02-20T10:57:12.768Z"}
{"level":"info","message":"App is listening on port 80","timestamp":"2023-02-20T10:57:50.726Z"}
{"level":"info","message":"Connected to the database...","timestamp":"2023-02-20T10:57:50.734Z"}
{"level":"info","message":"App is listening on port 80","timestamp":"2023-02-20T11:09:07.550Z"}
{"level":"info","message":"Connected to the database...","timestamp":"2023-02-20T11:09:07.558Z"}
{"level":"info","message":"App is listening on port 80","timestamp":"2023-02-20T11:11:34.795Z"}
{"level":"info","message":"Connected to the database...","timestamp":"2023-02-20T11:11:34.803Z"}
{"level":"info","message":"App is listening on port 80","timestamp":"2023-02-20T11:11:39.677Z"}
{"level":"info","message":"Connected to the database...","timestamp":"2023-02-20T11:11:39.684Z"}
{"level":"info","message":"App is listening on port 80","timestamp":"2023-02-20T11:11:49.520Z"}
{"level":"info","message":"Connected to the database...","timestamp":"2023-02-20T11:11:49.528Z"}
{"level":"info","message":"App is listening on port 80","timestamp":"2023-03-05T16:31:44.557Z"}
{"level":"info","message":"Connected to the database...","timestamp":"2023-03-05T16:31:44.565Z"}
{"level":"info","message":"App is listening on port 80","timestamp":"2023-03-05T17:54:48.984Z"}
{"level":"info","message":"Connected to the database...","timestamp":"2023-03-05T17:54:48.992Z"}
{"level":"info","message":"App is listening on port 80","timestamp":"2023-03-06T12:57:30.715Z"}
{"level":"info","message":"Connected to the database...","timestamp":"2023-03-06T12:57:30.724Z"}
{"level":"info","message":"App is listening on port 80","timestamp":"2023-03-06T20:20:12.138Z"}
{"level":"info","message":"Connected to the database...","timestamp":"2023-03-06T20:20:12.152Z"}
{"message":"Email already exists","stack":"Error: Email already exists\n    at register (/Users/ifeanyiibe/Desktop/Practice/tech-recruiter/controllers/authController.js:23:9)\n    at processTicksAndRejections (internal/process/task_queues.js:95:5)","statusCode":400,"level":"error","timestamp":"2023-03-06T20:21:20.706Z"}
{"level":"info","message":"App is listening on port 80","timestamp":"2023-03-06T20:36:49.882Z"}
{"level":"info","message":"Connected to the database...","timestamp":"2023-03-06T20:36:49.890Z"}
{"level":"info","message":"App is listening on port 80","timestamp":"2023-03-06T20:39:55.838Z"}
{"level":"info","message":"Connected to the database...","timestamp":"2023-03-06T20:39:55.846Z"}
{"message":"Email already exists","stack":"Error: Email already exists\n    at register (/Users/ifeanyiibe/Desktop/Practice/tech-recruiter/controllers/authController.js:23:9)\n    at processTicksAndRejections (internal/process/task_queues.js:95:5)","statusCode":400,"level":"error","timestamp":"2023-03-06T20:40:49.608Z"}
{"level":"info","message":"App is listening on port 80","timestamp":"2023-03-06T20:42:33.375Z"}
{"level":"info","message":"Connected to the database...","timestamp":"2023-03-06T20:42:33.382Z"}
{"level":"info","message":"App is listening on port 80","timestamp":"2023-03-06T20:45:49.292Z"}
{"level":"info","message":"Connected to the database...","timestamp":"2023-03-06T20:45:49.300Z"}
{"level":"info","message":"App is listening on port 80","timestamp":"2023-03-06T21:43:54.432Z"}
{"level":"info","message":"Connected to the database...","timestamp":"2023-03-06T21:43:54.440Z"}
{"level":"info","message":"App is listening on port 80","timestamp":"2023-03-06T22:41:38.183Z"}
{"level":"info","message":"Connected to the database...","timestamp":"2023-03-06T22:41:38.191Z"}
{"message":"Email already exists","stack":"Error: Email already exists\n    at register (/Users/ifeanyiibe/Desktop/Practice/tech-recruiter/controllers/authController.js:23:9)\n    at processTicksAndRejections (internal/process/task_queues.js:95:5)","statusCode":400,"level":"error","timestamp":"2023-03-06T22:43:27.681Z"}
{"level":"info","message":"App is listening on port 80","timestamp":"2023-03-07T10:24:47.105Z"}
{"level":"info","message":"Connected to the database...","timestamp":"2023-03-07T10:24:47.113Z"}
{"level":"info","message":"App is listening on port 80","timestamp":"2023-03-07T10:27:26.308Z"}
{"level":"info","message":"Connected to the database...","timestamp":"2023-03-07T10:27:26.316Z"}
{"level":"info","message":"App is listening on port 80","timestamp":"2023-03-07T10:39:35.241Z"}
{"level":"info","message":"Connected to the database...","timestamp":"2023-03-07T10:39:35.249Z"}
{"level":"info","message":"App is listening on port 80","timestamp":"2023-03-07T10:40:35.213Z"}
{"level":"info","message":"Connected to the database...","timestamp":"2023-03-07T10:40:35.221Z"}
{"message":"Cannot read property 'nModified' of undefined","stack":"TypeError: Cannot read property 'nModified' of undefined\n    at forgotPassword (/Users/ifeanyiibe/Desktop/Practice/tech-recruiter/controllers/authController.js:138:13)\n    at newFn (/Users/ifeanyiibe/Desktop/Practice/tech-recruiter/node_modules/express-async-errors/index.js:16:20)\n    at Layer.handle [as handle_request] (/Users/ifeanyiibe/Desktop/Practice/tech-recruiter/node_modules/express/lib/router/layer.js:95:5)\n    at next (/Users/ifeanyiibe/Desktop/Practice/tech-recruiter/node_modules/express/lib/router/route.js:144:13)\n    at Route.dispatch (/Users/ifeanyiibe/Desktop/Practice/tech-recruiter/node_modules/express/lib/router/route.js:114:3)\n    at newFn (/Users/ifeanyiibe/Desktop/Practice/tech-recruiter/node_modules/express-async-errors/index.js:16:20)\n    at Layer.handle [as handle_request] (/Users/ifeanyiibe/Desktop/Practice/tech-recruiter/node_modules/express/lib/router/layer.js:95:5)\n    at /Users/ifeanyiibe/Desktop/Practice/tech-recruiter/node_modules/express/lib/router/index.js:284:15\n    at param (/Users/ifeanyiibe/Desktop/Practice/tech-recruiter/node_modules/express/lib/router/index.js:365:14)\n    at param (/Users/ifeanyiibe/Desktop/Practice/tech-recruiter/node_modules/express/lib/router/index.js:376:14)","level":"error","timestamp":"2023-03-07T10:41:40.001Z"}
{"message":"Cannot read property 'nModified' of undefined","stack":"TypeError: Cannot read property 'nModified' of undefined\n    at forgotPassword (/Users/ifeanyiibe/Desktop/Practice/tech-recruiter/controllers/authController.js:138:13)\n    at newFn (/Users/ifeanyiibe/Desktop/Practice/tech-recruiter/node_modules/express-async-errors/index.js:16:20)\n    at Layer.handle [as handle_request] (/Users/ifeanyiibe/Desktop/Practice/tech-recruiter/node_modules/express/lib/router/layer.js:95:5)\n    at next (/Users/ifeanyiibe/Desktop/Practice/tech-recruiter/node_modules/express/lib/router/route.js:144:13)\n    at Route.dispatch (/Users/ifeanyiibe/Desktop/Practice/tech-recruiter/node_modules/express/lib/router/route.js:114:3)\n    at newFn (/Users/ifeanyiibe/Desktop/Practice/tech-recruiter/node_modules/express-async-errors/index.js:16:20)\n    at Layer.handle [as handle_request] (/Users/ifeanyiibe/Desktop/Practice/tech-recruiter/node_modules/express/lib/router/layer.js:95:5)\n    at /Users/ifeanyiibe/Desktop/Practice/tech-recruiter/node_modules/express/lib/router/index.js:284:15\n    at param (/Users/ifeanyiibe/Desktop/Practice/tech-recruiter/node_modules/express/lib/router/index.js:365:14)\n    at param (/Users/ifeanyiibe/Desktop/Practice/tech-recruiter/node_modules/express/lib/router/index.js:376:14)","level":"error","timestamp":"2023-03-07T10:41:46.755Z"}
{"level":"info","message":"App is listening on port 80","timestamp":"2023-03-07T10:43:59.616Z"}
{"level":"info","message":"Connected to the database...","timestamp":"2023-03-07T10:43:59.624Z"}
{"level":"info","message":"App is listening on port 80","timestamp":"2023-03-07T11:19:55.266Z"}
{"level":"info","message":"Connected to the database...","timestamp":"2023-03-07T11:19:55.280Z"}
{"level":"info","message":"App is listening on port 80","timestamp":"2023-03-07T11:25:29.053Z"}
{"level":"info","message":"Connected to the database...","timestamp":"2023-03-07T11:25:29.061Z"}
{"level":"info","message":"App is listening on port 80","timestamp":"2023-03-07T11:27:36.296Z"}
{"level":"info","message":"Connected to the database...","timestamp":"2023-03-07T11:27:36.304Z"}
{"level":"info","message":"App is listening on port 80","timestamp":"2023-03-07T11:34:23.265Z"}
{"level":"info","message":"Connected to the database...","timestamp":"2023-03-07T11:34:23.272Z"}
{"level":"info","message":"App is listening on port 80","timestamp":"2023-03-07T11:34:41.328Z"}
{"level":"info","message":"Connected to the database...","timestamp":"2023-03-07T11:34:41.336Z"}
{"level":"info","message":"App is listening on port 80","timestamp":"2023-03-07T11:35:31.571Z"}
{"level":"info","message":"Connected to the database...","timestamp":"2023-03-07T11:35:31.578Z"}
{"message":"Invalid Credentials","stack":"Error: Invalid Credentials\n    at login (/Users/ifeanyiibe/Desktop/Practice/tech-recruiter/controllers/authController.js:79:9)","statusCode":401,"level":"error","timestamp":"2023-03-07T11:36:29.455Z"}
{"message":"Invalid Credentials","stack":"Error: Invalid Credentials\n    at login (/Users/ifeanyiibe/Desktop/Practice/tech-recruiter/controllers/authController.js:79:9)","statusCode":401,"level":"error","timestamp":"2023-03-07T11:37:02.706Z"}
{"message":"Invalid Credentials","stack":"Error: Invalid Credentials\n    at login (/Users/ifeanyiibe/Desktop/Practice/tech-recruiter/controllers/authController.js:79:9)","statusCode":401,"level":"error","timestamp":"2023-03-07T11:37:12.237Z"}
{"message":"Invalid Credentials","stack":"Error: Invalid Credentials\n    at login (/Users/ifeanyiibe/Desktop/Practice/tech-recruiter/controllers/authController.js:79:9)","statusCode":401,"level":"error","timestamp":"2023-03-07T11:39:00.704Z"}
{"level":"info","message":"App is listening on port 80","timestamp":"2023-03-07T11:42:59.280Z"}
{"level":"info","message":"Connected to the database...","timestamp":"2023-03-07T11:42:59.287Z"}
{"message":"Email already exists","stack":"Error: Email already exists\n    at register (/Users/ifeanyiibe/Desktop/Practice/tech-recruiter/controllers/authController.js:23:9)\n    at processTicksAndRejections (internal/process/task_queues.js:95:5)","statusCode":400,"level":"error","timestamp":"2023-03-07T11:44:04.665Z"}
{"level":"info","message":"App is listening on port 80","timestamp":"2023-03-07T11:45:32.247Z"}
{"level":"info","message":"Connected to the database...","timestamp":"2023-03-07T11:45:32.255Z"}
{"message":"Invalid Credentials","stack":"Error: Invalid Credentials\n    at login (/Users/ifeanyiibe/Desktop/Practice/tech-recruiter/controllers/authController.js:79:9)","statusCode":401,"level":"error","timestamp":"2023-03-07T11:46:37.140Z"}
{"message":"Invalid Credentials","stack":"Error: Invalid Credentials\n    at login (/Users/ifeanyiibe/Desktop/Practice/tech-recruiter/controllers/authController.js:79:9)","statusCode":401,"level":"error","timestamp":"2023-03-07T19:28:44.393Z"}
{"level":"info","message":"App is listening on port 80","timestamp":"2023-03-07T19:40:14.252Z"}
{"level":"info","message":"Connected to the database...","timestamp":"2023-03-07T19:40:14.260Z"}
{"level":"info","message":"App is listening on port 80","timestamp":"2023-03-07T19:41:45.202Z"}
{"level":"info","message":"Connected to the database...","timestamp":"2023-03-07T19:41:45.210Z"}
{"level":"info","message":"App is listening on port 80","timestamp":"2023-03-07T19:43:16.042Z"}
{"level":"info","message":"Connected to the database...","timestamp":"2023-03-07T19:43:16.050Z"}
{"level":"info","message":"App is listening on port 80","timestamp":"2023-03-07T19:45:28.296Z"}
{"level":"info","message":"Connected to the database...","timestamp":"2023-03-07T19:45:28.304Z"}
{"message":"Invalid Credentials","stack":"Error: Invalid Credentials\n    at login (/Users/ifeanyiibe/Desktop/Practice/tech-recruiter/controllers/authController.js:79:9)","statusCode":401,"level":"error","timestamp":"2023-03-07T19:49:47.630Z"}
{"level":"info","message":"App is listening on port 80","timestamp":"2023-03-07T19:53:10.194Z"}
{"level":"info","message":"Connected to the database...","timestamp":"2023-03-07T19:53:10.201Z"}
{"message":"Converting circular structure to JSON\n    --> starting at object with constructor 'MongoClient'\n    |     property 's' -> object with constructor 'Object'\n    |     property 'sessionPool' -> object with constructor 'ServerSessionPool'\n    --- property 'client' closes the circle","stack":"TypeError: Converting circular structure to JSON\n    --> starting at object with constructor 'MongoClient'\n    |     property 's' -> object with constructor 'Object'\n    |     property 'sessionPool' -> object with constructor 'ServerSessionPool'\n    --- property 'client' closes the circle\n    at JSON.stringify (<anonymous>)\n    at stringify (/Users/ifeanyiibe/Desktop/Practice/tech-recruiter/node_modules/express/lib/response.js:1150:12)\n    at ServerResponse.json (/Users/ifeanyiibe/Desktop/Practice/tech-recruiter/node_modules/express/lib/response.js:271:14)\n    at ServerResponse.send (/Users/ifeanyiibe/Desktop/Practice/tech-recruiter/node_modules/express/lib/response.js:162:21)\n    at forgotPassword (/Users/ifeanyiibe/Desktop/Practice/tech-recruiter/controllers/authController.js:157:18)\n    at processTicksAndRejections (internal/process/task_queues.js:95:5)","level":"error","timestamp":"2023-03-07T19:53:39.329Z"}
{"message":"Converting circular structure to JSON\n    --> starting at object with constructor 'MongoClient'\n    |     property 's' -> object with constructor 'Object'\n    |     property 'sessionPool' -> object with constructor 'ServerSessionPool'\n    --- property 'client' closes the circle","stack":"TypeError: Converting circular structure to JSON\n    --> starting at object with constructor 'MongoClient'\n    |     property 's' -> object with constructor 'Object'\n    |     property 'sessionPool' -> object with constructor 'ServerSessionPool'\n    --- property 'client' closes the circle\n    at JSON.stringify (<anonymous>)\n    at stringify (/Users/ifeanyiibe/Desktop/Practice/tech-recruiter/node_modules/express/lib/response.js:1150:12)\n    at ServerResponse.json (/Users/ifeanyiibe/Desktop/Practice/tech-recruiter/node_modules/express/lib/response.js:271:14)\n    at ServerResponse.send (/Users/ifeanyiibe/Desktop/Practice/tech-recruiter/node_modules/express/lib/response.js:162:21)\n    at forgotPassword (/Users/ifeanyiibe/Desktop/Practice/tech-recruiter/controllers/authController.js:157:18)\n    at processTicksAndRejections (internal/process/task_queues.js:95:5)","level":"error","timestamp":"2023-03-07T19:54:22.482Z"}
{"message":"Converting circular structure to JSON\n    --> starting at object with constructor 'MongoClient'\n    |     property 's' -> object with constructor 'Object'\n    |     property 'sessionPool' -> object with constructor 'ServerSessionPool'\n    --- property 'client' closes the circle","stack":"TypeError: Converting circular structure to JSON\n    --> starting at object with constructor 'MongoClient'\n    |     property 's' -> object with constructor 'Object'\n    |     property 'sessionPool' -> object with constructor 'ServerSessionPool'\n    --- property 'client' closes the circle\n    at JSON.stringify (<anonymous>)\n    at stringify (/Users/ifeanyiibe/Desktop/Practice/tech-recruiter/node_modules/express/lib/response.js:1150:12)\n    at ServerResponse.json (/Users/ifeanyiibe/Desktop/Practice/tech-recruiter/node_modules/express/lib/response.js:271:14)\n    at ServerResponse.send (/Users/ifeanyiibe/Desktop/Practice/tech-recruiter/node_modules/express/lib/response.js:162:21)\n    at forgotPassword (/Users/ifeanyiibe/Desktop/Practice/tech-recruiter/controllers/authController.js:157:18)\n    at processTicksAndRejections (internal/process/task_queues.js:95:5)","level":"error","timestamp":"2023-03-07T19:56:37.624Z"}
{"level":"info","message":"App is listening on port 80","timestamp":"2023-03-07T19:57:39.721Z"}
{"level":"info","message":"Connected to the database...","timestamp":"2023-03-07T19:57:39.729Z"}
{"message":"Converting circular structure to JSON\n    --> starting at object with constructor 'MongoClient'\n    |     property 's' -> object with constructor 'Object'\n    |     property 'sessionPool' -> object with constructor 'ServerSessionPool'\n    --- property 'client' closes the circle","stack":"TypeError: Converting circular structure to JSON\n    --> starting at object with constructor 'MongoClient'\n    |     property 's' -> object with constructor 'Object'\n    |     property 'sessionPool' -> object with constructor 'ServerSessionPool'\n    --- property 'client' closes the circle\n    at JSON.stringify (<anonymous>)\n    at stringify (/Users/ifeanyiibe/Desktop/Practice/tech-recruiter/node_modules/express/lib/response.js:1150:12)\n    at ServerResponse.json (/Users/ifeanyiibe/Desktop/Practice/tech-recruiter/node_modules/express/lib/response.js:271:14)\n    at forgotPassword (/Users/ifeanyiibe/Desktop/Practice/tech-recruiter/controllers/authController.js:157:18)\n    at processTicksAndRejections (internal/process/task_queues.js:95:5)","level":"error","timestamp":"2023-03-07T19:57:56.084Z"}
{"level":"info","message":"App is listening on port 80","timestamp":"2023-03-07T19:58:58.461Z"}
{"level":"info","message":"Connected to the database...","timestamp":"2023-03-07T19:58:58.469Z"}
{"message":"Converting circular structure to JSON\n    --> starting at object with constructor 'MongoClient'\n    |     property 's' -> object with constructor 'Object'\n    |     property 'sessionPool' -> object with constructor 'ServerSessionPool'\n    --- property 'client' closes the circle","stack":"TypeError: Converting circular structure to JSON\n    --> starting at object with constructor 'MongoClient'\n    |     property 's' -> object with constructor 'Object'\n    |     property 'sessionPool' -> object with constructor 'ServerSessionPool'\n    --- property 'client' closes the circle\n    at JSON.stringify (<anonymous>)\n    at stringify (/Users/ifeanyiibe/Desktop/Practice/tech-recruiter/node_modules/express/lib/response.js:1150:12)\n    at ServerResponse.json (/Users/ifeanyiibe/Desktop/Practice/tech-recruiter/node_modules/express/lib/response.js:271:14)\n    at forgotPassword (/Users/ifeanyiibe/Desktop/Practice/tech-recruiter/controllers/authController.js:158:18)\n    at processTicksAndRejections (internal/process/task_queues.js:95:5)","level":"error","timestamp":"2023-03-07T19:59:08.860Z"}
{"level":"info","message":"App is listening on port 80","timestamp":"2023-03-07T20:00:19.047Z"}
{"level":"info","message":"Connected to the database...","timestamp":"2023-03-07T20:00:19.055Z"}
{"message":"Converting circular structure to JSON\n    --> starting at object with constructor 'MongoClient'\n    |     property 's' -> object with constructor 'Object'\n    |     property 'sessionPool' -> object with constructor 'ServerSessionPool'\n    --- property 'client' closes the circle","stack":"TypeError: Converting circular structure to JSON\n    --> starting at object with constructor 'MongoClient'\n    |     property 's' -> object with constructor 'Object'\n    |     property 'sessionPool' -> object with constructor 'ServerSessionPool'\n    --- property 'client' closes the circle\n    at JSON.stringify (<anonymous>)\n    at stringify (/Users/ifeanyiibe/Desktop/Practice/tech-recruiter/node_modules/express/lib/response.js:1150:12)\n    at ServerResponse.json (/Users/ifeanyiibe/Desktop/Practice/tech-recruiter/node_modules/express/lib/response.js:271:14)\n    at forgotPassword (/Users/ifeanyiibe/Desktop/Practice/tech-recruiter/controllers/authController.js:158:18)\n    at processTicksAndRejections (internal/process/task_queues.js:95:5)","level":"error","timestamp":"2023-03-07T20:00:33.318Z"}
{"level":"info","message":"App is listening on port 80","timestamp":"2023-03-07T20:01:47.125Z"}
{"level":"info","message":"Connected to the database...","timestamp":"2023-03-07T20:01:47.133Z"}
{"level":"info","message":"App is listening on port 80","timestamp":"2023-03-07T20:03:39.497Z"}
{"level":"info","message":"Connected to the database...","timestamp":"2023-03-07T20:03:39.505Z"}
{"message":"Invalid Credentials","stack":"Error: Invalid Credentials\n    at login (/Users/ifeanyiibe/Desktop/Practice/tech-recruiter/controllers/authController.js:79:9)","statusCode":401,"level":"error","timestamp":"2023-03-07T20:05:05.780Z"}
{"level":"info","message":"App is listening on port 80","timestamp":"2023-03-07T20:20:54.550Z"}
{"level":"info","message":"Connected to the database...","timestamp":"2023-03-07T20:20:54.558Z"}
{"level":"info","message":"App is listening on port 80","timestamp":"2023-03-31T09:54:33.431Z"}
{"level":"info","message":"Connected to the database...","timestamp":"2023-03-31T09:54:33.453Z"}
{"level":"info","message":"App is listening on port 80","timestamp":"2023-03-31T10:04:34.144Z"}
{"level":"info","message":"Connected to the database...","timestamp":"2023-03-31T10:04:37.653Z"}
{"level":"info","message":"App is listening on port 80","timestamp":"2023-04-07T15:22:09.421Z"}
{"level":"info","message":"Connected to the database...","timestamp":"2023-04-07T15:22:23.565Z"}
{"message":"Invalid Credentials","stack":"Error: Invalid Credentials\n    at login (/Users/ifeanyiibe/Desktop/Practice/tech-recruiter/controllers/authController.js:76:9)\n    at process.processTicksAndRejections (node:internal/process/task_queues:95:5)","statusCode":401,"level":"error","timestamp":"2023-04-07T15:58:03.950Z"}
{"level":"info","message":"App is listening on port 80","timestamp":"2023-04-07T16:07:53.684Z"}
{"level":"info","message":"Connected to the database...","timestamp":"2023-04-07T16:08:01.174Z"}
{"message":"Invalid Credentials","stack":"Error: Invalid Credentials\n    at login (/Users/ifeanyiibe/Desktop/Practice/tech-recruiter/controllers/authController.js:76:9)\n    at process.processTicksAndRejections (node:internal/process/task_queues:95:5)","statusCode":401,"level":"error","timestamp":"2023-04-07T16:11:24.225Z"}
{"message":"Invalid Credentials","stack":"Error: Invalid Credentials\n    at login (/Users/ifeanyiibe/Desktop/Practice/tech-recruiter/controllers/authController.js:76:9)\n    at process.processTicksAndRejections (node:internal/process/task_queues:95:5)","statusCode":401,"level":"error","timestamp":"2023-04-07T16:12:16.879Z"}
{"level":"info","message":"App is listening on port 80","timestamp":"2023-04-07T16:16:06.857Z"}
{"level":"info","message":"Connected to the database...","timestamp":"2023-04-07T16:16:08.461Z"}
{"level":"info","message":"App is listening on port 80","timestamp":"2023-04-07T16:22:43.402Z"}
{"level":"info","message":"App is listening on port 80","timestamp":"2023-04-07T16:22:54.540Z"}
{"level":"info","message":"Connected to the database...","timestamp":"2023-04-07T16:22:56.188Z"}
{"level":"info","message":"App is listening on port 80","timestamp":"2023-04-07T16:24:00.485Z"}
{"level":"info","message":"Connected to the database...","timestamp":"2023-04-07T16:24:12.866Z"}
{"message":"Could not connect to any servers in your MongoDB Atlas cluster. One common reason is that you're trying to access the database from an IP that isn't whitelisted. Make sure your current IP address is on your Atlas cluster's IP whitelist: https://docs.atlas.mongodb.com/security-whitelist/","stack":"MongooseServerSelectionError: Could not connect to any servers in your MongoDB Atlas cluster. One common reason is that you're trying to access the database from an IP that isn't whitelisted. Make sure your current IP address is on your Atlas cluster's IP whitelist: https://docs.atlas.mongodb.com/security-whitelist/\n    at Model.$wrapCallback (/Users/ifeanyiibe/Desktop/Practice/tech-recruiter/node_modules/mongoose/lib/model.js:5286:32)\n    at /Users/ifeanyiibe/Desktop/Practice/tech-recruiter/node_modules/mongoose/lib/query.js:4930:21\n    at /Users/ifeanyiibe/Desktop/Practice/tech-recruiter/node_modules/mongoose/lib/helpers/promiseOrCallback.js:41:5\n    at new Promise (<anonymous>)\n    at promiseOrCallback (/Users/ifeanyiibe/Desktop/Practice/tech-recruiter/node_modules/mongoose/lib/helpers/promiseOrCallback.js:40:10)\n    at model.Query.exec (/Users/ifeanyiibe/Desktop/Practice/tech-recruiter/node_modules/mongoose/lib/query.js:4929:10)\n    at Query.then (/Users/ifeanyiibe/Desktop/Practice/tech-recruiter/node_modules/mongoose/lib/query.js:5012:15)\n    at process.processTicksAndRejections (node:internal/process/task_queues:95:5)","reason":{"type":"ReplicaSetNoPrimary","servers":{},"stale":false,"compatible":true,"heartbeatFrequencyMS":10000,"localThresholdMS":15,"setName":"atlas-h3p8x9-shard-0","maxElectionId":{},"maxSetVersion":7,"commonWireVersion":0,"logicalSessionTimeoutMinutes":null},"level":"error","timestamp":"2023-04-07T21:33:25.757Z"}
{"message":"Could not connect to any servers in your MongoDB Atlas cluster. One common reason is that you're trying to access the database from an IP that isn't whitelisted. Make sure your current IP address is on your Atlas cluster's IP whitelist: https://docs.atlas.mongodb.com/security-whitelist/","stack":"MongooseServerSelectionError: Could not connect to any servers in your MongoDB Atlas cluster. One common reason is that you're trying to access the database from an IP that isn't whitelisted. Make sure your current IP address is on your Atlas cluster's IP whitelist: https://docs.atlas.mongodb.com/security-whitelist/\n    at Model.$wrapCallback (/Users/ifeanyiibe/Desktop/Practice/tech-recruiter/node_modules/mongoose/lib/model.js:5286:32)\n    at /Users/ifeanyiibe/Desktop/Practice/tech-recruiter/node_modules/mongoose/lib/query.js:4930:21\n    at /Users/ifeanyiibe/Desktop/Practice/tech-recruiter/node_modules/mongoose/lib/helpers/promiseOrCallback.js:41:5\n    at new Promise (<anonymous>)\n    at promiseOrCallback (/Users/ifeanyiibe/Desktop/Practice/tech-recruiter/node_modules/mongoose/lib/helpers/promiseOrCallback.js:40:10)\n    at model.Query.exec (/Users/ifeanyiibe/Desktop/Practice/tech-recruiter/node_modules/mongoose/lib/query.js:4929:10)\n    at Query.then (/Users/ifeanyiibe/Desktop/Practice/tech-recruiter/node_modules/mongoose/lib/query.js:5012:15)\n    at process.processTicksAndRejections (node:internal/process/task_queues:95:5)","reason":{"type":"ReplicaSetNoPrimary","servers":{},"stale":false,"compatible":true,"heartbeatFrequencyMS":10000,"localThresholdMS":15,"setName":"atlas-h3p8x9-shard-0","maxElectionId":{},"maxSetVersion":7,"commonWireVersion":0,"logicalSessionTimeoutMinutes":null},"level":"error","timestamp":"2023-04-07T21:33:58.075Z"}
{"level":"info","message":"App is listening on port 80","timestamp":"2023-04-07T21:35:11.236Z"}
{"level":"info","message":"App is listening on port 80","timestamp":"2023-04-07T22:29:26.463Z"}
{"level":"info","message":"Connected to the database...","timestamp":"2023-04-07T22:29:31.467Z"}
{"message":"Invalid Credentials","stack":"Error: Invalid Credentials\n    at login (/Users/ifeanyiibe/Desktop/Practice/tech-recruiter/controllers/authController.js:76:9)\n    at process.processTicksAndRejections (node:internal/process/task_queues:95:5)","statusCode":401,"level":"error","timestamp":"2023-04-07T22:29:37.709Z"}
{"level":"info","message":"App is listening on port 80","timestamp":"2023-04-08T07:06:11.580Z"}
{"level":"info","message":"Connected to the database...","timestamp":"2023-04-08T07:06:13.936Z"}
{"level":"info","message":"App is listening on port 80","timestamp":"2023-04-08T07:17:50.116Z"}
{"level":"info","message":"Connected to the database...","timestamp":"2023-04-08T07:17:57.177Z"}
{"level":"info","message":"App is listening on port 80","timestamp":"2023-04-08T07:18:57.184Z"}
{"level":"info","message":"Connected to the database...","timestamp":"2023-04-08T07:18:58.616Z"}
{"level":"info","message":"App is listening on port 80","timestamp":"2023-04-08T07:22:45.954Z"}
{"level":"info","message":"Connected to the database...","timestamp":"2023-04-08T07:22:58.295Z"}
{"level":"info","message":"App is listening on port 80","timestamp":"2023-04-08T07:23:04.161Z"}
{"level":"info","message":"Connected to the database...","timestamp":"2023-04-08T07:23:11.075Z"}
{"level":"info","message":"App is listening on port 80","timestamp":"2023-04-08T07:25:00.726Z"}
{"level":"info","message":"Connected to the database...","timestamp":"2023-04-08T07:25:13.237Z"}
{"level":"info","message":"App is listening on port 80","timestamp":"2023-04-08T07:35:48.177Z"}
{"level":"info","message":"Connected to the database...","timestamp":"2023-04-08T07:35:49.734Z"}
{"level":"info","message":"App is listening on port 80","timestamp":"2023-04-08T07:36:35.634Z"}
{"level":"info","message":"Connected to the database...","timestamp":"2023-04-08T07:36:47.857Z"}
{"message":"request entity too large","stack":"PayloadTooLargeError: request entity too large\n    at readStream (/Users/ifeanyiibe/Desktop/Practice/tech-recruiter/node_modules/raw-body/index.js:156:17)\n    at getRawBody (/Users/ifeanyiibe/Desktop/Practice/tech-recruiter/node_modules/raw-body/index.js:109:12)\n    at read (/Users/ifeanyiibe/Desktop/Practice/tech-recruiter/node_modules/body-parser/lib/read.js:79:3)\n    at jsonParser (/Users/ifeanyiibe/Desktop/Practice/tech-recruiter/node_modules/body-parser/lib/types/json.js:135:5)\n    at Layer.handle [as handle_request] (/Users/ifeanyiibe/Desktop/Practice/tech-recruiter/node_modules/express/lib/router/layer.js:95:5)\n    at trim_prefix (/Users/ifeanyiibe/Desktop/Practice/tech-recruiter/node_modules/express/lib/router/index.js:328:13)\n    at /Users/ifeanyiibe/Desktop/Practice/tech-recruiter/node_modules/express/lib/router/index.js:286:9\n    at Function.process_params (/Users/ifeanyiibe/Desktop/Practice/tech-recruiter/node_modules/express/lib/router/index.js:346:12)\n    at next (/Users/ifeanyiibe/Desktop/Practice/tech-recruiter/node_modules/express/lib/router/index.js:280:10)\n    at internalNext (/Users/ifeanyiibe/Desktop/Practice/tech-recruiter/node_modules/helmet/dist/cjs/index.js:445:6)","name":"PayloadTooLargeError","expected":9386763,"length":9386763,"limit":102400,"type":"entity.too.large","level":"error","timestamp":"2023-04-08T08:08:50.639Z"}
{"level":"info","message":"App is listening on port 80","timestamp":"2023-04-08T08:20:07.494Z"}
{"level":"info","message":"Connected to the database...","timestamp":"2023-04-08T08:20:19.748Z"}
{"level":"info","message":"App is listening on port 80","timestamp":"2023-04-08T08:22:12.766Z"}
{"level":"info","message":"Connected to the database...","timestamp":"2023-04-08T08:22:25.414Z"}
{"level":"info","message":"App is listening on port 80","timestamp":"2023-04-08T08:24:32.544Z"}
{"level":"info","message":"Connected to the database...","timestamp":"2023-04-08T08:24:39.654Z"}
{"level":"info","message":"App is listening on port 80","timestamp":"2023-04-08T08:27:09.233Z"}
{"level":"info","message":"Connected to the database...","timestamp":"2023-04-08T08:27:21.292Z"}
{"level":"info","message":"App is listening on port 80","timestamp":"2023-04-08T08:28:21.325Z"}
{"level":"info","message":"Connected to the database...","timestamp":"2023-04-08T08:28:22.571Z"}
{"level":"info","message":"App is listening on port 80","timestamp":"2023-04-08T12:09:26.674Z"}
{"level":"info","message":"Connected to the database...","timestamp":"2023-04-08T12:09:28.465Z"}
{"level":"info","message":"App is listening on port 80","timestamp":"2023-04-08T12:16:19.956Z"}
{"level":"info","message":"Connected to the database...","timestamp":"2023-04-08T12:16:32.328Z"}
{"level":"info","message":"App is listening on port 80","timestamp":"2023-04-08T12:51:50.863Z"}
{"level":"info","message":"Connected to the database...","timestamp":"2023-04-08T12:51:52.775Z"}
{"message":"Email already exists","stack":"Error: Email already exists\n    at register (/Users/ifeanyiibe/Desktop/Practice/tech-recruiter/controllers/authController.js:25:9)\n    at process.processTicksAndRejections (node:internal/process/task_queues:95:5)","statusCode":400,"level":"error","timestamp":"2023-04-08T13:02:45.537Z"}
{"level":"info","message":"App is listening on port 80","timestamp":"2023-04-08T13:05:13.885Z"}
{"level":"info","message":"Connected to the database...","timestamp":"2023-04-08T13:05:15.634Z"}
{"level":"info","message":"App is listening on port 80","timestamp":"2023-04-08T13:13:57.510Z"}
{"level":"info","message":"Connected to the database...","timestamp":"2023-04-08T13:13:59.095Z"}
{"level":"info","message":"App is listening on port 80","timestamp":"2023-05-04T12:15:44.754Z"}
{"level":"info","message":"Connected to the database...","timestamp":"2023-05-04T12:15:58.518Z"}
{"level":"info","message":"App is listening on port 8080","timestamp":"2023-05-04T12:16:37.937Z"}
{"message":"getGoogleOauthUrl is not a function","stack":"TypeError: getGoogleOauthUrl is not a function\n    at getOauthUrl (/Users/ifeanyiibe/Desktop/Practice/tech-recruiter/controllers/authController.js:199:14)\n    at newFn (/Users/ifeanyiibe/Desktop/Practice/tech-recruiter/node_modules/express-async-errors/index.js:16:20)\n    at Layer.handle [as handle_request] (/Users/ifeanyiibe/Desktop/Practice/tech-recruiter/node_modules/express/lib/router/layer.js:95:5)\n    at next (/Users/ifeanyiibe/Desktop/Practice/tech-recruiter/node_modules/express/lib/router/route.js:144:13)\n    at Route.dispatch (/Users/ifeanyiibe/Desktop/Practice/tech-recruiter/node_modules/express/lib/router/route.js:114:3)\n    at newFn (/Users/ifeanyiibe/Desktop/Practice/tech-recruiter/node_modules/express-async-errors/index.js:16:20)\n    at Layer.handle [as handle_request] (/Users/ifeanyiibe/Desktop/Practice/tech-recruiter/node_modules/express/lib/router/layer.js:95:5)\n    at /Users/ifeanyiibe/Desktop/Practice/tech-recruiter/node_modules/express/lib/router/index.js:284:15\n    at Function.process_params (/Users/ifeanyiibe/Desktop/Practice/tech-recruiter/node_modules/express/lib/router/index.js:346:12)\n    at next (/Users/ifeanyiibe/Desktop/Practice/tech-recruiter/node_modules/express/lib/router/index.js:280:10)","level":"error","timestamp":"2023-05-04T12:16:40.895Z"}
{"level":"info","message":"Connected to the database...","timestamp":"2023-05-04T12:16:51.173Z"}
{"level":"info","message":"App is listening on port 8080","timestamp":"2023-05-04T12:17:30.825Z"}
{"message":"Cannot read properties of undefined (reading 'generateAuthUrl')","stack":"TypeError: Cannot read properties of undefined (reading 'generateAuthUrl')\n    at getGoogleOauthUrl (/Users/ifeanyiibe/Desktop/Practice/tech-recruiter/utils/getGoogleOauthUrl.js:9:21)\n    at getOauthUrl (/Users/ifeanyiibe/Desktop/Practice/tech-recruiter/controllers/authController.js:199:14)\n    at newFn (/Users/ifeanyiibe/Desktop/Practice/tech-recruiter/node_modules/express-async-errors/index.js:16:20)\n    at Layer.handle [as handle_request] (/Users/ifeanyiibe/Desktop/Practice/tech-recruiter/node_modules/express/lib/router/layer.js:95:5)\n    at next (/Users/ifeanyiibe/Desktop/Practice/tech-recruiter/node_modules/express/lib/router/route.js:144:13)\n    at Route.dispatch (/Users/ifeanyiibe/Desktop/Practice/tech-recruiter/node_modules/express/lib/router/route.js:114:3)\n    at newFn (/Users/ifeanyiibe/Desktop/Practice/tech-recruiter/node_modules/express-async-errors/index.js:16:20)\n    at Layer.handle [as handle_request] (/Users/ifeanyiibe/Desktop/Practice/tech-recruiter/node_modules/express/lib/router/layer.js:95:5)\n    at /Users/ifeanyiibe/Desktop/Practice/tech-recruiter/node_modules/express/lib/router/index.js:284:15\n    at Function.process_params (/Users/ifeanyiibe/Desktop/Practice/tech-recruiter/node_modules/express/lib/router/index.js:346:12)","level":"error","timestamp":"2023-05-04T12:17:33.251Z"}
{"level":"info","message":"Connected to the database...","timestamp":"2023-05-04T12:17:44.287Z"}
{"level":"info","message":"App is listening on port 8080","timestamp":"2023-05-04T12:18:23.799Z"}
{"level":"info","message":"App is listening on port 8080","timestamp":"2023-05-04T12:18:26.354Z"}
{"level":"info","message":"Connected to the database...","timestamp":"2023-05-04T12:18:34.999Z"}
{"level":"info","message":"App is listening on port 8080","timestamp":"2023-07-09T13:46:56.763Z"}
{"level":"info","message":"Connected to the database...","timestamp":"2023-07-09T13:47:05.717Z"}
{"message":"Invalid Credentials","stack":"Error: Invalid Credentials\n    at login (/Users/ifeanyiibe/Desktop/Practice/tech-recruiter/controllers/authController.js:82:9)","statusCode":401,"level":"error","timestamp":"2023-07-09T14:19:50.007Z"}
